<?xml version="1.0" encoding="UTF-8"?>
<!-- Generated by org.testng.reporters.JUnitReportReporter -->
<testsuite hostname="user-PC" name="testcases.VerifyLoginPage$VerifyHomePage" tests="1" failures="0" timestamp="17 May 2017 11:00:41 GMT" time="60.985" errors="0">
  <testcase name="testHomePage" time="60.985" classname="testcases.VerifyLoginPage$VerifyHomePage"/>
</testsuite> <!-- testcases.VerifyLoginPage$VerifyHomePage -->
