<?xml version="1.0" encoding="UTF-8"?>
<!-- Generated by org.testng.reporters.JUnitReportReporter -->
<testsuite hostname="user-PC" name="testcases.VerifyLoginPageWithReport$VerifyHomePage" tests="1" failures="0" timestamp="18 May 2017 06:58:01 GMT" time="26.692" errors="0">
  <testcase name="testHomePage" time="26.692" classname="testcases.VerifyLoginPageWithReport$VerifyHomePage"/>
</testsuite> <!-- testcases.VerifyLoginPageWithReport$VerifyHomePage -->
