<?xml version="1.0" encoding="UTF-8"?>
<!-- Generated by org.testng.reporters.JUnitReportReporter -->
<testsuite hostname="user-PC" name="testcases.VerifyHomePage" tests="1" failures="0" timestamp="17 May 2017 11:00:41 GMT" time="65.088" errors="0">
  <testcase name="testHomePage" time="65.088" classname="testcases.VerifyHomePage"/>
</testsuite> <!-- testcases.VerifyHomePage -->
